{"level":"info","message":"Server running on 3000 -> http://localhost:3000/","timestamp":"2022-03-19T19:43:57.040Z"}
{"level":"info","message":"Server running on 3000 -> http://localhost:3000/","timestamp":"2022-03-19T19:44:20.364Z"}
{"level":"info","message":"Server running on 3000 -> http://localhost:3000/","timestamp":"2022-03-19T19:44:23.125Z"}
{"level":"info","message":"Server running on 3000 -> http://localhost:3000/","timestamp":"2022-03-19T19:55:53.735Z"}
{"level":"info","message":"Server running on 3000 -> http://localhost:3000/","timestamp":"2022-03-19T19:56:00.258Z"}
{"level":"info","message":"Server running on 3000 -> http://localhost:3000/","timestamp":"2022-03-19T19:56:06.715Z"}
{"level":"info","message":"Server running on 3000 -> http://localhost:3000/","timestamp":"2022-03-19T19:56:43.320Z"}
{"level":"info","message":"Server running on 3000 -> http://localhost:3000/","timestamp":"2022-03-19T19:56:47.304Z"}
{"level":"info","message":"Server running on 3000 -> http://localhost:3000/","timestamp":"2022-03-19T19:56:52.596Z"}
{"level":"info","message":"Server running on 3000 -> http://localhost:3000/","timestamp":"2022-03-19T19:58:00.928Z"}
{"level":"info","message":"Server running on 3000 -> http://localhost:3000/","timestamp":"2022-03-19T19:58:04.443Z"}
{"level":"info","message":"Server running on 3000 -> http://localhost:3000/","timestamp":"2022-03-19T19:58:07.421Z"}
{"level":"info","message":"Server running on 3000 -> http://localhost:3000/","timestamp":"2022-03-19T19:58:13.312Z"}
{"level":"info","message":"Server running on 3000 -> http://localhost:3000/","timestamp":"2022-03-19T19:58:17.806Z"}
{"level":"info","message":"Server running on 3000 -> http://localhost:3000/","timestamp":"2022-03-19T19:58:21.712Z"}
{"level":"info","message":"Server running on 3000 -> http://localhost:3000/","timestamp":"2022-03-19T19:58:24.755Z"}
{"level":"info","message":"Server running on 3000 -> http://localhost:3000/","timestamp":"2022-03-19T19:58:26.087Z"}
{"level":"info","message":"Server running on 3000 -> http://localhost:3000/","timestamp":"2022-03-19T19:58:31.141Z"}
{"level":"info","message":"Server running on 3000 -> http://localhost:3000/","timestamp":"2022-03-19T19:58:42.807Z"}
{"level":"info","message":"Server running on 3000 -> http://localhost:3000/","timestamp":"2022-03-19T19:58:46.411Z"}
{"level":"info","message":"Server running on 3000 -> http://localhost:3000/","timestamp":"2022-03-19T19:58:55.109Z"}
{"level":"info","message":"Server running on 3000 -> http://localhost:3000/","timestamp":"2022-03-19T19:59:02.807Z"}
{"level":"info","message":"Server running on 3000 -> http://localhost:3000/","timestamp":"2022-03-19T20:03:59.833Z"}
{"level":"info","message":"Server running on 3000 -> http://localhost:3000/","timestamp":"2022-03-19T20:04:49.708Z"}
{"level":"info","message":"Server running on 3000 -> http://localhost:3000/","timestamp":"2022-03-19T20:05:02.003Z"}
{"level":"info","message":"Server running on 3000 -> http://localhost:3000/","timestamp":"2022-03-19T20:05:05.368Z"}
{"level":"info","message":"Server running on 3000 -> http://localhost:3000/","timestamp":"2022-03-19T20:05:07.294Z"}
{"level":"info","message":"Server running on 3000 -> http://localhost:3000/","timestamp":"2022-03-19T20:05:19.011Z"}
{"level":"info","message":"Server running on 3000 -> http://localhost:3000/","timestamp":"2022-03-19T20:08:24.502Z"}
{"level":"info","message":"Server running on 3000 -> http://localhost:3000/","timestamp":"2022-03-19T20:09:16.800Z"}
{"level":"info","message":"::ffff:127.0.0.1 - - [19/Mar/2022:20:09:22 +0000] \"GET /session/create HTTP/1.1\" 404 153 \"-\" \"insomnia/2022.1.1\"\n","timestamp":"2022-03-19T20:09:22.300Z"}
{"level":"info","message":"::ffff:127.0.0.1 - - [19/Mar/2022:20:09:27 +0000] \"POST /session/create HTTP/1.1\" 200 26 \"-\" \"insomnia/2022.1.1\"\n","timestamp":"2022-03-19T20:09:27.731Z"}
{"level":"info","message":"Server running on 3000 -> http://localhost:3000/","timestamp":"2022-03-19T20:10:51.155Z"}
{"level":"info","message":"Server running on 3000 -> http://localhost:3000/","timestamp":"2022-03-19T20:10:59.410Z"}
{"level":"info","message":"Server running on 3000 -> http://localhost:3000/","timestamp":"2022-03-19T20:11:00.901Z"}
{"level":"info","message":"Server running on 3000 -> http://localhost:3000/","timestamp":"2022-03-19T20:11:04.212Z"}
{"level":"info","message":"Server running on 3000 -> http://localhost:3000/","timestamp":"2022-03-19T20:11:10.110Z"}
{"level":"info","message":"Server running on 3000 -> http://localhost:3000/","timestamp":"2022-03-19T20:11:16.143Z"}
{"level":"info","message":"Server running on 3000 -> http://localhost:3000/","timestamp":"2022-03-19T20:11:20.803Z"}
{"level":"info","message":"Server running on 3000 -> http://localhost:3000/","timestamp":"2022-03-19T20:11:29.392Z"}
{"level":"info","message":"Server running on 3000 -> http://localhost:3000/","timestamp":"2022-03-19T20:11:31.083Z"}
{"level":"info","message":"Server running on 3000 -> http://localhost:3000/","timestamp":"2022-03-19T20:11:36.661Z"}
{"level":"info","message":"Server running on 3000 -> http://localhost:3000/","timestamp":"2022-03-19T20:11:38.032Z"}
{"level":"info","message":"Server running on 3000 -> http://localhost:3000/","timestamp":"2022-03-19T20:11:40.254Z"}
{"level":"info","message":"Server running on 3000 -> http://localhost:3000/","timestamp":"2022-03-19T20:11:42.379Z"}
{"level":"info","message":"Server running on 3000 -> http://localhost:3000/","timestamp":"2022-03-19T20:11:54.381Z"}
{"level":"info","message":"Server running on 3000 -> http://localhost:3000/","timestamp":"2022-03-19T20:11:55.569Z"}
{"level":"info","message":"Server running on 3000 -> http://localhost:3000/","timestamp":"2022-03-19T20:11:59.804Z"}
{"level":"info","message":"Server running on 3000 -> http://localhost:3000/","timestamp":"2022-03-19T20:12:08.393Z"}
{"level":"info","message":"Server running on 3000 -> http://localhost:3000/","timestamp":"2022-03-19T20:12:11.451Z"}
{"level":"info","message":"Server running on 3000 -> http://localhost:3000/","timestamp":"2022-03-19T20:12:17.905Z"}
{"level":"info","message":"Server running on 3000 -> http://localhost:3000/","timestamp":"2022-03-19T20:12:22.042Z"}
{"level":"info","message":"Server running on 3000 -> http://localhost:3000/","timestamp":"2022-03-19T20:12:28.462Z"}
{"level":"info","message":"Server running on 3000 -> http://localhost:3000/","timestamp":"2022-03-19T20:12:30.086Z"}
{"level":"info","message":"Server running on 3000 -> http://localhost:3000/","timestamp":"2022-03-19T20:12:36.131Z"}
{"level":"info","message":"Server running on 3000 -> http://localhost:3000/","timestamp":"2022-03-19T20:12:56.870Z"}
{"level":"info","message":"Server running on 3000 -> http://localhost:3000/","timestamp":"2022-03-19T20:13:01.030Z"}
{"level":"info","message":"Server running on 3000 -> http://localhost:3000/","timestamp":"2022-03-19T20:13:02.757Z"}
{"level":"info","message":"Server running on 3000 -> http://localhost:3000/","timestamp":"2022-03-19T20:13:05.341Z"}
{"level":"info","message":"Server running on 3000 -> http://localhost:3000/","timestamp":"2022-03-19T20:13:12.607Z"}
{"level":"info","message":"Server running on 3000 -> http://localhost:3000/","timestamp":"2022-03-19T20:13:15.816Z"}
{"level":"info","message":"Server running on 3000 -> http://localhost:3000/","timestamp":"2022-03-19T20:13:27.102Z"}
{"level":"info","message":"Server running on 3000 -> http://localhost:3000/","timestamp":"2022-03-19T20:13:29.475Z"}
{"level":"info","message":"Server running on 3000 -> http://localhost:3000/","timestamp":"2022-03-19T20:13:34.536Z"}
{"level":"info","message":"Server running on 3000 -> http://localhost:3000/","timestamp":"2022-03-19T20:13:38.098Z"}
{"level":"info","timestamp":"2022-03-19T20:13:45.151Z"}
{"clientVersion":"3.11.0","level":"info","timestamp":"2022-03-19T20:13:45.152Z"}
{"level":"info","message":"::ffff:127.0.0.1 - - [19/Mar/2022:20:13:45 +0000] \"POST /session/create HTTP/1.1\" 200 55 \"-\" \"insomnia/2022.1.1\"\n","timestamp":"2022-03-19T20:13:45.161Z"}
{"level":"info","message":"Server running on 3000 -> http://localhost:3000/","timestamp":"2022-03-19T20:15:02.153Z"}
{"level":"info","message":"Server running on 3000 -> http://localhost:3000/","timestamp":"2022-03-19T20:15:04.015Z"}
{"level":"info","message":"Server running on 3000 -> http://localhost:3000/","timestamp":"2022-03-19T20:15:05.570Z"}
{"level":"info","message":"Server running on 3000 -> http://localhost:3000/","timestamp":"2022-03-19T20:15:08.160Z"}
{"level":"info","message":"Server running on 3000 -> http://localhost:3000/","timestamp":"2022-03-19T20:15:10.197Z"}
{"level":"info","message":"Server running on 3000 -> http://localhost:3000/","timestamp":"2022-03-19T20:15:11.988Z"}
{"level":"info","timestamp":"2022-03-19T20:15:19.538Z"}
{"clientVersion":"3.11.0","level":"info","timestamp":"2022-03-19T20:15:19.539Z"}
{"level":"info","message":"::ffff:127.0.0.1 - - [19/Mar/2022:20:15:19 +0000] \"POST /session/create HTTP/1.1\" 200 55 \"-\" \"insomnia/2022.1.1\"\n","timestamp":"2022-03-19T20:15:19.553Z"}
{"level":"info","message":"Server running on 3000 -> http://localhost:3000/","timestamp":"2022-03-19T20:15:45.182Z"}
{"level":"info","timestamp":"2022-03-19T20:15:48.153Z"}
{"clientVersion":"3.11.0","level":"info","timestamp":"2022-03-19T20:15:48.154Z"}
{"level":"info","message":"::ffff:127.0.0.1 - - [19/Mar/2022:20:15:48 +0000] \"POST /session/create HTTP/1.1\" 200 55 \"-\" \"insomnia/2022.1.1\"\n","timestamp":"2022-03-19T20:15:48.164Z"}
{"level":"info","message":"Server running on 3000 -> http://localhost:3000/","timestamp":"2022-03-19T20:16:24.460Z"}
{"level":"info","message":"Server running on 3000 -> http://localhost:3000/","timestamp":"2022-03-19T20:16:27.551Z"}
{"level":"info","message":"Server running on 3000 -> http://localhost:3000/","timestamp":"2022-03-19T20:16:42.038Z"}
{"level":"info","message":"Server running on 3000 -> http://localhost:3000/","timestamp":"2022-03-19T20:16:43.854Z"}
{"level":"info","message":"Server running on 3000 -> http://localhost:3000/","timestamp":"2022-03-19T20:16:49.455Z"}
{"level":"info","timestamp":"2022-03-19T20:16:54.731Z"}
{"clientVersion":"3.11.0","level":"info","timestamp":"2022-03-19T20:16:54.734Z"}
{"level":"info","message":"::ffff:127.0.0.1 - - [19/Mar/2022:20:16:54 +0000] \"POST /session/create HTTP/1.1\" 200 55 \"-\" \"insomnia/2022.1.1\"\n","timestamp":"2022-03-19T20:16:54.746Z"}
{"level":"info","message":"Server running on 3000 -> http://localhost:3000/","timestamp":"2022-03-19T20:17:19.239Z"}
{"level":"info","message":"Server running on 3000 -> http://localhost:3000/","timestamp":"2022-03-19T20:17:24.487Z"}
{"level":"info","message":"Server running on 3000 -> http://localhost:3000/","timestamp":"2022-03-19T20:17:30.218Z"}
{"level":"info","message":"Server running on 3000 -> http://localhost:3000/","timestamp":"2022-03-19T20:17:41.826Z"}
{"level":"info","message":"Server running on 3000 -> http://localhost:3000/","timestamp":"2022-03-19T20:17:44.075Z"}
{"level":"info","message":"Server running on 3000 -> http://localhost:3000/","timestamp":"2022-03-19T20:17:45.890Z"}
{"level":"info","message":"Server running on 3000 -> http://localhost:3000/","timestamp":"2022-03-19T20:17:49.986Z"}
{"level":"info","timestamp":"2022-03-19T20:17:51.034Z"}
{"level":"info","message":"Error: \nInvalid `prisma.session.create()` invocation:\n\n{\n  data: {\n    SessionDate: new Date('2022-03-19T15:30:00.000Z'),\n    RoomId: 'b75dd006-45fd-43cd-8557-8b3e783ed4bc',\n    MovieId: '86583b91-c603-489a-b816-58863a632dda',\n+   Price: Float,\n?   id?: String,\n?   createdAt?: DateTime,\n?   updatedAt?: DateTime\n  }\n}\n\nArgument Price for data.Price is missing.\n\nNote: Lines with + are required, lines with ? are optional.\n","timestamp":"2022-03-19T20:17:51.036Z"}
{"level":"info","message":"::ffff:127.0.0.1 - - [19/Mar/2022:20:17:51 +0000] \"POST /session/create HTTP/1.1\" 200 55 \"-\" \"insomnia/2022.1.1\"\n","timestamp":"2022-03-19T20:17:51.055Z"}
{"level":"info","message":"Server running on 3000 -> http://localhost:3000/","timestamp":"2022-03-19T20:18:54.244Z"}
{"level":"info","message":"Server running on 3000 -> http://localhost:3000/","timestamp":"2022-03-19T20:18:56.048Z"}
{"level":"info","message":"Error: \nInvalid `prisma.session.create()` invocation:\n\n{\n  data: {\n    SessionDate: new Date('2022-03-19T15:30:00.000Z'),\n    RoomId: 'b75dd006-45fd-43cd-8557-8b3e783ed4bc',\n    MovieId: '86583b91-c603-489a-b816-58863a632dda',\n+   Price: Float,\n?   id?: String,\n?   createdAt?: DateTime,\n?   updatedAt?: DateTime\n  }\n}\n\nArgument Price for data.Price is missing.\n\nNote: Lines with + are required, lines with ? are optional.\n","timestamp":"2022-03-19T20:18:57.409Z"}
{"level":"info","message":"::ffff:127.0.0.1 - - [19/Mar/2022:20:18:57 +0000] \"POST /session/create HTTP/1.1\" 200 55 \"-\" \"insomnia/2022.1.1\"\n","timestamp":"2022-03-19T20:18:57.427Z"}
{"level":"info","message":"Server running on 3000 -> http://localhost:3000/","timestamp":"2022-03-19T20:20:12.190Z"}
{"level":"info","message":"Server running on 3000 -> http://localhost:3000/","timestamp":"2022-03-19T20:20:15.835Z"}
{"level":"info","message":"Server running on 3000 -> http://localhost:3000/","timestamp":"2022-03-19T20:20:22.273Z"}
{"level":"info","message":"Server running on 3000 -> http://localhost:3000/","timestamp":"2022-03-19T20:20:26.702Z"}
{"level":"info","message":"Server running on 3000 -> http://localhost:3000/","timestamp":"2022-03-19T20:31:53.703Z"}
{"level":"info","message":"Server running on 3000 -> http://localhost:3000/","timestamp":"2022-03-19T20:33:25.759Z"}
{"level":"info","message":"Server running on 3000 -> http://localhost:3000/","timestamp":"2022-03-19T20:33:27.203Z"}
{"level":"info","message":"Server running on 3000 -> http://localhost:3000/","timestamp":"2022-03-19T20:33:42.989Z"}
{"level":"info","message":"Server running on 3000 -> http://localhost:3000/","timestamp":"2022-03-19T20:33:56.889Z"}
{"level":"info","message":"Server running on 3000 -> http://localhost:3000/","timestamp":"2022-03-19T20:34:29.783Z"}
{"level":"info","message":"Server running on 3000 -> http://localhost:3000/","timestamp":"2022-03-19T20:34:31.520Z"}
{"level":"info","message":"Server running on 3000 -> http://localhost:3000/","timestamp":"2022-03-19T20:34:45.191Z"}
{"level":"info","message":"Server running on 3000 -> http://localhost:3000/","timestamp":"2022-03-19T20:34:48.440Z"}
{"level":"info","message":"Server running on 3000 -> http://localhost:3000/","timestamp":"2022-03-19T20:34:52.696Z"}
{"level":"info","message":"Server running on 3000 -> http://localhost:3000/","timestamp":"2022-03-19T20:34:56.530Z"}
{"level":"info","message":"Server running on 3000 -> http://localhost:3000/","timestamp":"2022-03-19T20:34:59.710Z"}
{"level":"info","message":"::ffff:127.0.0.1 - - [19/Mar/2022:20:35:01 +0000] \"POST /session/create HTTP/1.1\" 200 274 \"-\" \"insomnia/2022.1.1\"\n","timestamp":"2022-03-19T20:35:01.366Z"}
{"level":"info","message":"Server running on 3000 -> http://localhost:3000/","timestamp":"2022-03-19T21:03:22.674Z"}
{"level":"info","message":"Server running on 3000 -> http://localhost:3000/","timestamp":"2022-03-19T21:13:48.934Z"}
{"level":"info","message":"Server running on 3000 -> http://localhost:3000/","timestamp":"2022-03-19T21:13:51.700Z"}
{"level":"info","message":"Server running on 3000 -> http://localhost:3000/","timestamp":"2022-03-19T21:13:54.196Z"}
{"level":"info","message":"Server running on 3000 -> http://localhost:3000/","timestamp":"2022-03-19T21:14:01.162Z"}
{"level":"info","message":"Server running on 3000 -> http://localhost:3000/","timestamp":"2022-03-19T21:14:47.459Z"}
{"level":"info","message":"Server running on 3000 -> http://localhost:3000/","timestamp":"2022-03-19T21:15:09.009Z"}
{"level":"info","message":"Server running on 3000 -> http://localhost:3000/","timestamp":"2022-03-19T21:15:15.848Z"}
{"level":"info","message":"Server running on 3000 -> http://localhost:3000/","timestamp":"2022-03-19T21:15:26.603Z"}
{"level":"info","message":"Server running on 3000 -> http://localhost:3000/","timestamp":"2022-03-19T21:15:28.757Z"}
{"level":"info","message":"Server running on 3000 -> http://localhost:3000/","timestamp":"2022-03-19T21:16:23.785Z"}
{"level":"info","message":"Server running on 3000 -> http://localhost:3000/","timestamp":"2022-03-19T21:16:26.354Z"}
{"level":"info","message":"Server running on 3000 -> http://localhost:3000/","timestamp":"2022-03-19T21:16:31.786Z"}
{"level":"info","message":"Server running on 3000 -> http://localhost:3000/","timestamp":"2022-03-19T21:16:33.339Z"}
{"level":"info","message":"Server running on 3000 -> http://localhost:3000/","timestamp":"2022-03-19T21:16:48.910Z"}
{"level":"info","message":"Server running on 3000 -> http://localhost:3000/","timestamp":"2022-03-19T21:16:50.867Z"}
{"level":"info","message":"Server running on 3000 -> http://localhost:3000/","timestamp":"2022-03-19T21:16:54.992Z"}
{"level":"info","message":"Server running on 3000 -> http://localhost:3000/","timestamp":"2022-03-19T21:16:57.786Z"}
{"level":"info","message":"Server running on 3000 -> http://localhost:3000/","timestamp":"2022-03-19T21:16:59.433Z"}
{"level":"info","message":"Server running on 3000 -> http://localhost:3000/","timestamp":"2022-03-19T21:17:06.600Z"}
{"level":"info","message":"Server running on 3000 -> http://localhost:3000/","timestamp":"2022-03-19T21:17:13.361Z"}
{"level":"info","message":"Server running on 3000 -> http://localhost:3000/","timestamp":"2022-03-19T21:17:16.582Z"}
{"level":"info","message":"Server running on 3000 -> http://localhost:3000/","timestamp":"2022-03-19T21:17:17.996Z"}
{"level":"info","message":"Server running on 3000 -> http://localhost:3000/","timestamp":"2022-03-19T21:17:24.211Z"}
{"level":"info","message":"Server running on 3000 -> http://localhost:3000/","timestamp":"2022-03-19T21:17:29.020Z"}
{"level":"info","message":"Server running on 3000 -> http://localhost:3000/","timestamp":"2022-03-19T21:17:31.540Z"}
{"level":"info","message":"Server running on 3000 -> http://localhost:3000/","timestamp":"2022-03-19T21:17:34.799Z"}
{"level":"info","message":"Server running on 3000 -> http://localhost:3000/","timestamp":"2022-03-19T21:17:38.205Z"}
{"level":"info","message":"Server running on 3000 -> http://localhost:3000/","timestamp":"2022-03-19T21:17:39.697Z"}
{"level":"info","message":"Server running on 3000 -> http://localhost:3000/","timestamp":"2022-03-19T21:17:52.954Z"}
{"level":"info","message":"Server running on 3000 -> http://localhost:3000/","timestamp":"2022-03-19T21:17:54.681Z"}
{"level":"info","message":"Server running on 3000 -> http://localhost:3000/","timestamp":"2022-03-19T21:17:56.923Z"}
{"level":"info","message":"Server running on 3000 -> http://localhost:3000/","timestamp":"2022-03-19T21:18:07.053Z"}
{"level":"info","message":"Server running on 3000 -> http://localhost:3000/","timestamp":"2022-03-19T21:18:10.413Z"}
{"level":"info","message":"Server running on 3000 -> http://localhost:3000/","timestamp":"2022-03-19T21:18:13.696Z"}
{"level":"info","message":"Server running on 3000 -> http://localhost:3000/","timestamp":"2022-03-19T21:18:23.173Z"}
{"level":"info","message":"Server running on 3000 -> http://localhost:3000/","timestamp":"2022-03-19T21:18:25.118Z"}
{"level":"info","message":"Server running on 3000 -> http://localhost:3000/","timestamp":"2022-03-19T21:18:40.411Z"}
{"level":"info","message":"Server running on 3000 -> http://localhost:3000/","timestamp":"2022-03-19T21:18:42.748Z"}
{"level":"info","message":"Server running on 3000 -> http://localhost:3000/","timestamp":"2022-03-19T21:18:43.977Z"}
{"level":"info","message":"Server running on 3000 -> http://localhost:3000/","timestamp":"2022-03-19T21:18:48.116Z"}
{"level":"info","message":"Server running on 3000 -> http://localhost:3000/","timestamp":"2022-03-19T21:18:59.456Z"}
{"level":"info","message":"Server running on 3000 -> http://localhost:3000/","timestamp":"2022-03-19T21:19:01.932Z"}
{"level":"info","message":"Server running on 3000 -> http://localhost:3000/","timestamp":"2022-03-19T21:19:08.423Z"}
{"level":"info","message":"Server running on 3000 -> http://localhost:3000/","timestamp":"2022-03-19T21:19:11.082Z"}
{"level":"info","message":"Server running on 3000 -> http://localhost:3000/","timestamp":"2022-03-19T21:19:15.284Z"}
{"level":"info","message":"Server running on 3000 -> http://localhost:3000/","timestamp":"2022-03-19T21:19:37.054Z"}
{"level":"info","message":"Server running on 3000 -> http://localhost:3000/","timestamp":"2022-03-19T21:19:43.269Z"}
{"level":"info","message":"Server running on 3000 -> http://localhost:3000/","timestamp":"2022-03-19T21:19:45.474Z"}
{"level":"info","message":"Server running on 3000 -> http://localhost:3000/","timestamp":"2022-03-19T21:19:47.009Z"}
{"level":"info","message":"Server running on 3000 -> http://localhost:3000/","timestamp":"2022-03-19T21:20:00.213Z"}
{"level":"info","message":"Server running on 3000 -> http://localhost:3000/","timestamp":"2022-03-19T21:20:14.194Z"}
{"level":"info","message":"Server running on 3000 -> http://localhost:3000/","timestamp":"2022-03-19T21:20:17.378Z"}
{"level":"info","message":"Server running on 3000 -> http://localhost:3000/","timestamp":"2022-03-19T21:20:21.667Z"}
{"level":"info","message":"Server running on 3000 -> http://localhost:3000/","timestamp":"2022-03-19T21:20:47.676Z"}
{"level":"info","message":"Server running on 3000 -> http://localhost:3000/","timestamp":"2022-03-19T21:21:28.074Z"}
{"level":"info","message":"Server running on 3000 -> http://localhost:3000/","timestamp":"2022-03-19T21:21:33.004Z"}
{"level":"info","message":"Server running on 3000 -> http://localhost:3000/","timestamp":"2022-03-19T21:21:38.219Z"}
{"level":"info","message":"Server running on 3000 -> http://localhost:3000/","timestamp":"2022-03-19T21:21:40.499Z"}
{"level":"info","message":"Server running on 3000 -> http://localhost:3000/","timestamp":"2022-03-19T21:21:54.032Z"}
{"level":"info","message":"Server running on 3000 -> http://localhost:3000/","timestamp":"2022-03-19T21:21:56.053Z"}
{"level":"info","message":"Server running on 3000 -> http://localhost:3000/","timestamp":"2022-03-19T21:21:58.393Z"}
{"level":"info","message":"Server running on 3000 -> http://localhost:3000/","timestamp":"2022-03-19T21:22:01.030Z"}
{"level":"info","message":"Server running on 3000 -> http://localhost:3000/","timestamp":"2022-03-19T21:22:06.440Z"}
{"level":"info","message":"Server running on 3000 -> http://localhost:3000/","timestamp":"2022-03-19T21:22:11.586Z"}
{"level":"info","message":"Server running on 3000 -> http://localhost:3000/","timestamp":"2022-03-19T21:22:17.535Z"}
{"level":"info","message":"Server running on 3000 -> http://localhost:3000/","timestamp":"2022-03-19T21:22:19.714Z"}
{"level":"info","message":"Server running on 3000 -> http://localhost:3000/","timestamp":"2022-03-19T21:22:21.738Z"}
{"level":"info","message":"Server running on 3000 -> http://localhost:3000/","timestamp":"2022-03-19T21:22:34.328Z"}
{"level":"info","message":"Server running on 3000 -> http://localhost:3000/","timestamp":"2022-03-19T21:22:37.045Z"}
{"level":"info","message":"Server running on 3000 -> http://localhost:3000/","timestamp":"2022-03-19T21:22:38.700Z"}
{"level":"info","message":"Server running on 3000 -> http://localhost:3000/","timestamp":"2022-03-19T21:22:43.929Z"}
{"level":"info","message":"Server running on 3000 -> http://localhost:3000/","timestamp":"2022-03-19T21:22:54.226Z"}
{"level":"info","message":"Server running on 3000 -> http://localhost:3000/","timestamp":"2022-03-19T21:22:57.342Z"}
{"level":"info","message":"Server running on 3000 -> http://localhost:3000/","timestamp":"2022-03-19T21:23:00.778Z"}
{"level":"info","message":"Server running on 3000 -> http://localhost:3000/","timestamp":"2022-03-19T21:23:10.722Z"}
{"level":"info","message":"Server running on 3000 -> http://localhost:3000/","timestamp":"2022-03-19T21:23:15.119Z"}
{"level":"info","message":"Server running on 3000 -> http://localhost:3000/","timestamp":"2022-03-19T21:23:18.740Z"}
{"level":"info","message":"Server running on 3000 -> http://localhost:3000/","timestamp":"2022-03-19T21:23:33.836Z"}
{"level":"info","message":"Server running on 3000 -> http://localhost:3000/","timestamp":"2022-03-19T22:06:25.248Z"}
{"level":"info","message":"Server running on 3000 -> http://localhost:3000/","timestamp":"2022-03-19T22:06:28.394Z"}
{"level":"info","message":"Server running on 3000 -> http://localhost:3000/","timestamp":"2022-03-19T22:06:59.533Z"}
{"level":"info","message":"Server running on 3000 -> http://localhost:3000/","timestamp":"2022-03-19T22:07:33.055Z"}
{"level":"info","message":"Server running on 3000 -> http://localhost:3000/","timestamp":"2022-03-19T22:07:38.976Z"}
{"level":"info","message":"Server running on 3000 -> http://localhost:3000/","timestamp":"2022-03-19T22:07:45.508Z"}
{"level":"error","message":"Error: \nInvalid `prisma.user.create()` invocation:\n\n\n  Unique constraint failed on the fields: (`Email`)","timestamp":"2022-03-19T22:07:56.230Z"}
{"level":"info","message":"::ffff:127.0.0.1 - - [19/Mar/2022:22:07:56 +0000] \"POST /user/create HTTP/1.1\" 200 56 \"-\" \"insomnia/2022.1.1\"\n","timestamp":"2022-03-19T22:07:56.241Z"}
{"level":"error","message":"Error: \nInvalid `prisma.user.create()` invocation:\n\n\n  Unique constraint failed on the fields: (`Email`)","timestamp":"2022-03-19T22:08:14.744Z"}
{"level":"info","message":"::ffff:127.0.0.1 - - [19/Mar/2022:22:08:14 +0000] \"POST /user/create HTTP/1.1\" 200 56 \"-\" \"insomnia/2022.1.1\"\n","timestamp":"2022-03-19T22:08:14.748Z"}
{"level":"info","message":"Server running on 3000 -> http://localhost:3000/","timestamp":"2022-03-19T22:11:18.002Z"}
{"level":"info","message":"Server running on 3000 -> http://localhost:3000/","timestamp":"2022-03-19T22:11:20.683Z"}
{"level":"info","message":"Server running on 3000 -> http://localhost:3000/","timestamp":"2022-03-19T22:11:22.060Z"}
{"level":"info","message":"Server running on 3000 -> http://localhost:3000/","timestamp":"2022-03-19T22:11:23.483Z"}
{"level":"info","message":"Server running on 3000 -> http://localhost:3000/","timestamp":"2022-03-19T22:11:33.461Z"}
{"level":"info","message":"Server running on 3000 -> http://localhost:3000/","timestamp":"2022-03-19T22:11:35.283Z"}
{"level":"info","message":"Server running on 3000 -> http://localhost:3000/","timestamp":"2022-03-19T22:11:38.026Z"}
{"level":"info","message":"Server running on 3000 -> http://localhost:3000/","timestamp":"2022-03-19T22:11:46.041Z"}
{"level":"info","message":"Server running on 3000 -> http://localhost:3000/","timestamp":"2022-03-19T22:11:47.496Z"}
{"level":"info","message":"Server running on 3000 -> http://localhost:3000/","timestamp":"2022-03-19T22:15:16.128Z"}
{"level":"info","message":"Server running on 3000 -> http://localhost:3000/","timestamp":"2022-03-19T22:17:57.359Z"}
{"level":"info","message":"Server running on 3000 -> http://localhost:3000/","timestamp":"2022-03-19T22:18:04.332Z"}
{"level":"info","message":"Server running on 3000 -> http://localhost:3000/","timestamp":"2022-03-19T22:18:06.328Z"}
{"level":"info","message":"Server running on 3000 -> http://localhost:3000/","timestamp":"2022-03-19T22:18:10.437Z"}
{"level":"info","message":"Server running on 3000 -> http://localhost:3000/","timestamp":"2022-03-19T22:18:13.262Z"}
{"level":"info","message":"Server running on 3000 -> http://localhost:3000/","timestamp":"2022-03-19T22:18:15.172Z"}
{"level":"info","message":"Server running on 3000 -> http://localhost:3000/","timestamp":"2022-03-19T22:18:26.290Z"}
{"level":"info","message":"Server running on 3000 -> http://localhost:3000/","timestamp":"2022-03-19T22:18:30.877Z"}
{"level":"info","message":"Server running on 3000 -> http://localhost:3000/","timestamp":"2022-03-19T22:18:34.748Z"}
{"level":"info","message":"Server running on 3000 -> http://localhost:3000/","timestamp":"2022-03-19T22:18:37.474Z"}
{"level":"info","message":"Server running on 3000 -> http://localhost:3000/","timestamp":"2022-03-19T22:18:41.791Z"}
{"level":"info","message":"Server running on 3000 -> http://localhost:3000/","timestamp":"2022-03-19T22:18:45.689Z"}
{"level":"info","message":"Server running on 3000 -> http://localhost:3000/","timestamp":"2022-03-19T22:19:52.103Z"}
{"level":"info","message":"Server running on 3000 -> http://localhost:3000/","timestamp":"2022-03-19T22:19:54.362Z"}
{"level":"info","message":"Server running on 3000 -> http://localhost:3000/","timestamp":"2022-03-19T22:19:56.122Z"}
{"level":"info","message":"Server running on 3000 -> http://localhost:3000/","timestamp":"2022-03-19T22:20:05.702Z"}
{"level":"info","message":"Server running on 3000 -> http://localhost:3000/","timestamp":"2022-03-19T22:20:32.384Z"}
{"level":"info","message":"Server running on 3000 -> http://localhost:3000/","timestamp":"2022-03-19T22:20:44.443Z"}
{"level":"info","message":"Server running on 3000 -> http://localhost:3000/","timestamp":"2022-03-19T22:20:46.145Z"}
{"level":"info","message":"Server running on 3000 -> http://localhost:3000/","timestamp":"2022-03-19T22:20:52.536Z"}
{"level":"info","message":"Server running on 3000 -> http://localhost:3000/","timestamp":"2022-03-19T22:20:59.534Z"}
{"level":"info","message":"Server running on 3000 -> http://localhost:3000/","timestamp":"2022-03-19T22:21:05.785Z"}
{"level":"info","message":"Server running on 3000 -> http://localhost:3000/","timestamp":"2022-03-19T22:21:08.566Z"}
{"level":"info","message":"Server running on 3000 -> http://localhost:3000/","timestamp":"2022-03-19T22:21:11.594Z"}
{"level":"info","message":"Server running on 3000 -> http://localhost:3000/","timestamp":"2022-03-19T22:21:18.494Z"}
{"level":"info","message":"Server running on 3000 -> http://localhost:3000/","timestamp":"2022-03-19T22:21:20.123Z"}
{"level":"info","message":"Server running on 3000 -> http://localhost:3000/","timestamp":"2022-03-19T22:21:38.236Z"}
{"level":"info","message":"Server running on 3000 -> http://localhost:3000/","timestamp":"2022-03-19T22:21:44.234Z"}
{"level":"info","message":"Server running on 3000 -> http://localhost:3000/","timestamp":"2022-03-19T22:21:54.514Z"}
{"level":"info","message":"Server running on 3000 -> http://localhost:3000/","timestamp":"2022-03-19T22:21:58.484Z"}
{"level":"info","message":"Server running on 3000 -> http://localhost:3000/","timestamp":"2022-03-19T22:22:00.384Z"}
{"level":"info","message":"Server running on 3000 -> http://localhost:3000/","timestamp":"2022-03-19T22:22:03.360Z"}
{"level":"info","message":"Server running on 3000 -> http://localhost:3000/","timestamp":"2022-03-19T22:22:12.273Z"}
{"level":"info","message":"Server running on 3000 -> http://localhost:3000/","timestamp":"2022-03-19T22:22:15.126Z"}
{"level":"info","message":"Server running on 3000 -> http://localhost:3000/","timestamp":"2022-03-19T22:22:21.858Z"}
{"level":"info","message":"Server running on 3000 -> http://localhost:3000/","timestamp":"2022-03-19T22:22:32.244Z"}
{"level":"info","message":"Server running on 3000 -> http://localhost:3000/","timestamp":"2022-03-19T22:23:21.892Z"}
{"level":"info","message":"Server running on 3000 -> http://localhost:3000/","timestamp":"2022-03-19T22:23:29.250Z"}
{"level":"info","message":"Server running on 3000 -> http://localhost:3000/","timestamp":"2022-03-19T22:24:32.220Z"}
{"level":"info","message":"Server running on 3000 -> http://localhost:3000/","timestamp":"2022-03-19T22:24:34.633Z"}
{"level":"info","message":"Server running on 3000 -> http://localhost:3000/","timestamp":"2022-03-19T22:24:43.916Z"}
{"level":"info","message":"Server running on 3000 -> http://localhost:3000/","timestamp":"2022-03-19T22:24:45.613Z"}
{"level":"info","message":"Server running on 3000 -> http://localhost:3000/","timestamp":"2022-03-19T22:25:04.038Z"}
{"level":"info","message":"::ffff:127.0.0.1 - - [19/Mar/2022:22:25:06 +0000] \"POST /user/login HTTP/1.1\" 200 211 \"-\" \"insomnia/2022.1.1\"\n","timestamp":"2022-03-19T22:25:06.693Z"}
{"level":"info","message":"Server running on 3000 -> http://localhost:3000/","timestamp":"2022-03-19T22:45:23.005Z"}
{"level":"info","message":"Server running on 3000 -> http://localhost:3000/","timestamp":"2022-03-19T22:46:32.890Z"}
{"level":"info","message":"Server running on 3000 -> http://localhost:3000/","timestamp":"2022-03-19T22:46:34.956Z"}
{"level":"info","message":"Server running on 3000 -> http://localhost:3000/","timestamp":"2022-03-19T22:46:38.957Z"}
{"level":"info","message":"Server running on 3000 -> http://localhost:3000/","timestamp":"2022-03-19T22:46:41.557Z"}
{"level":"info","message":"Server running on 3000 -> http://localhost:3000/","timestamp":"2022-03-19T22:46:46.533Z"}
{"level":"info","message":"Server running on 3000 -> http://localhost:3000/","timestamp":"2022-03-19T22:46:48.667Z"}
{"level":"info","message":"Server running on 3000 -> http://localhost:3000/","timestamp":"2022-03-19T22:46:57.215Z"}
{"level":"info","message":"Server running on 3000 -> http://localhost:3000/","timestamp":"2022-03-19T22:47:01.588Z"}
{"level":"info","message":"Server running on 3000 -> http://localhost:3000/","timestamp":"2022-03-19T22:47:04.254Z"}
{"level":"info","message":"Server running on 3000 -> http://localhost:3000/","timestamp":"2022-03-19T22:47:11.027Z"}
{"level":"info","message":"Server running on 3000 -> http://localhost:3000/","timestamp":"2022-03-19T22:47:20.194Z"}
{"level":"info","message":"Server running on 3000 -> http://localhost:3000/","timestamp":"2022-03-19T22:47:24.756Z"}
{"level":"info","message":"Server running on 3000 -> http://localhost:3000/","timestamp":"2022-03-19T22:47:29.936Z"}
{"level":"info","message":"Server running on 3000 -> http://localhost:3000/","timestamp":"2022-03-19T22:47:31.987Z"}
{"level":"info","message":"Server running on 3000 -> http://localhost:3000/","timestamp":"2022-03-19T22:47:34.631Z"}
{"level":"info","message":"Server running on 3000 -> http://localhost:3000/","timestamp":"2022-03-19T22:47:36.769Z"}
{"level":"info","message":"Server running on 3000 -> http://localhost:3000/","timestamp":"2022-03-19T22:47:38.524Z"}
{"level":"info","message":"Server running on 3000 -> http://localhost:3000/","timestamp":"2022-03-19T22:47:50.006Z"}
{"level":"info","message":"Server running on 3000 -> http://localhost:3000/","timestamp":"2022-03-19T22:47:54.432Z"}
{"level":"info","message":"Server running on 3000 -> http://localhost:3000/","timestamp":"2022-03-19T22:47:57.760Z"}
{"level":"info","message":"Server running on 3000 -> http://localhost:3000/","timestamp":"2022-03-19T22:47:59.529Z"}
{"level":"info","message":"Server running on 3000 -> http://localhost:3000/","timestamp":"2022-03-19T22:48:06.912Z"}
{"level":"info","message":"Server running on 3000 -> http://localhost:3000/","timestamp":"2022-03-19T22:48:08.354Z"}
{"level":"info","message":"Server running on 3000 -> http://localhost:3000/","timestamp":"2022-03-19T22:48:28.977Z"}
{"level":"info","message":"Server running on 3000 -> http://localhost:3000/","timestamp":"2022-03-19T22:48:30.872Z"}
{"level":"info","message":"Server running on 3000 -> http://localhost:3000/","timestamp":"2022-03-19T22:48:33.590Z"}
{"level":"info","message":"Server running on 3000 -> http://localhost:3000/","timestamp":"2022-03-19T22:48:36.725Z"}
{"level":"info","message":"Server running on 3000 -> http://localhost:3000/","timestamp":"2022-03-19T22:48:43.672Z"}
{"level":"info","message":"Server running on 3000 -> http://localhost:3000/","timestamp":"2022-03-19T22:49:00.716Z"}
{"level":"info","message":"Server running on 3000 -> http://localhost:3000/","timestamp":"2022-03-19T22:49:02.225Z"}
{"level":"info","message":"Server running on 3000 -> http://localhost:3000/","timestamp":"2022-03-19T22:49:28.543Z"}
{"level":"info","message":"Server running on 3000 -> http://localhost:3000/","timestamp":"2022-03-19T22:49:35.677Z"}
{"level":"info","message":"Server running on 3000 -> http://localhost:3000/","timestamp":"2022-03-19T22:49:38.145Z"}
{"level":"info","message":"Server running on 3000 -> http://localhost:3000/","timestamp":"2022-03-19T22:49:39.865Z"}
{"level":"info","message":"Server running on 3000 -> http://localhost:3000/","timestamp":"2022-03-19T22:49:43.035Z"}
{"level":"info","message":"Server running on 3000 -> http://localhost:3000/","timestamp":"2022-03-19T22:49:44.643Z"}
{"level":"info","message":"Server running on 3000 -> http://localhost:3000/","timestamp":"2022-03-19T22:49:47.206Z"}
{"level":"info","message":"Server running on 3000 -> http://localhost:3000/","timestamp":"2022-03-19T22:50:00.424Z"}
{"level":"info","message":"Server running on 3000 -> http://localhost:3000/","timestamp":"2022-03-19T22:50:03.551Z"}
{"level":"info","message":"Server running on 3000 -> http://localhost:3000/","timestamp":"2022-03-19T22:50:08.251Z"}
{"level":"info","message":"Server running on 3000 -> http://localhost:3000/","timestamp":"2022-03-19T22:50:22.939Z"}
{"level":"info","message":"Server running on 3000 -> http://localhost:3000/","timestamp":"2022-03-19T22:50:25.117Z"}
{"level":"info","message":"Server running on 3000 -> http://localhost:3000/","timestamp":"2022-03-19T22:50:27.056Z"}
{"level":"info","message":"Server running on 3000 -> http://localhost:3000/","timestamp":"2022-03-19T22:50:30.568Z"}
{"level":"info","message":"Server running on 3000 -> http://localhost:3000/","timestamp":"2022-03-19T22:50:36.999Z"}
{"level":"info","message":"Server running on 3000 -> http://localhost:3000/","timestamp":"2022-03-19T22:50:41.358Z"}
{"level":"info","message":"Server running on 3000 -> http://localhost:3000/","timestamp":"2022-03-19T22:50:57.271Z"}
{"level":"info","message":"Server running on 3000 -> http://localhost:3000/","timestamp":"2022-03-19T22:51:07.949Z"}
{"level":"info","message":"Server running on 3000 -> http://localhost:3000/","timestamp":"2022-03-19T22:51:11.153Z"}
{"level":"info","message":"Server running on 3000 -> http://localhost:3000/","timestamp":"2022-03-19T22:51:15.923Z"}
{"level":"info","message":"Server running on 3000 -> http://localhost:3000/","timestamp":"2022-03-19T22:51:21.127Z"}
{"level":"info","message":"Server running on 3000 -> http://localhost:3000/","timestamp":"2022-03-19T22:51:26.431Z"}
{"level":"info","message":"Server running on 3000 -> http://localhost:3000/","timestamp":"2022-03-19T22:51:31.833Z"}
{"level":"info","message":"Server running on 3000 -> http://localhost:3000/","timestamp":"2022-03-19T22:51:37.361Z"}
{"level":"info","message":"Server running on 3000 -> http://localhost:3000/","timestamp":"2022-03-19T22:51:42.300Z"}
{"level":"info","message":"Server running on 3000 -> http://localhost:3000/","timestamp":"2022-03-19T22:51:45.864Z"}
{"level":"info","message":"Server running on 3000 -> http://localhost:3000/","timestamp":"2022-03-19T22:51:49.620Z"}
{"level":"info","message":"Server running on 3000 -> http://localhost:3000/","timestamp":"2022-03-19T22:52:03.875Z"}
{"level":"info","message":"Server running on 3000 -> http://localhost:3000/","timestamp":"2022-03-19T22:52:05.990Z"}
{"level":"info","message":"Server running on 3000 -> http://localhost:3000/","timestamp":"2022-03-19T22:52:08.874Z"}
{"level":"info","message":"Server running on 3000 -> http://localhost:3000/","timestamp":"2022-03-19T22:52:11.572Z"}
{"level":"info","message":"Server running on 3000 -> http://localhost:3000/","timestamp":"2022-03-19T22:52:14.650Z"}
{"level":"info","message":"Server running on 3000 -> http://localhost:3000/","timestamp":"2022-03-19T22:53:10.440Z"}
{"level":"info","message":"Server running on 3000 -> http://localhost:3000/","timestamp":"2022-03-19T22:53:14.053Z"}
{"level":"info","message":"Server running on 3000 -> http://localhost:3000/","timestamp":"2022-03-19T22:53:16.109Z"}
{"level":"info","message":"Server running on 3000 -> http://localhost:3000/","timestamp":"2022-03-19T22:53:55.580Z"}
{"level":"info","message":"Server running on 3000 -> http://localhost:3000/","timestamp":"2022-03-19T22:53:57.197Z"}
{"level":"info","message":"Server running on 3000 -> http://localhost:3000/","timestamp":"2022-03-19T22:53:59.842Z"}
{"level":"info","message":"Server running on 3000 -> http://localhost:3000/","timestamp":"2022-03-19T22:54:06.894Z"}
{"level":"info","message":"Server running on 3000 -> http://localhost:3000/","timestamp":"2022-03-19T22:54:10.672Z"}
{"level":"info","message":"Server running on 3000 -> http://localhost:3000/","timestamp":"2022-03-19T22:54:12.605Z"}
{"level":"info","message":"Server running on 3000 -> http://localhost:3000/","timestamp":"2022-03-19T22:54:14.697Z"}
{"level":"info","message":"Server running on 3000 -> http://localhost:3000/","timestamp":"2022-03-19T22:54:17.533Z"}
{"level":"info","message":"Server running on 3000 -> http://localhost:3000/","timestamp":"2022-03-19T22:54:20.181Z"}
{"level":"info","message":"Server running on 3000 -> http://localhost:3000/","timestamp":"2022-03-19T22:54:25.291Z"}
{"level":"info","message":"Server running on 3000 -> http://localhost:3000/","timestamp":"2022-03-19T22:54:27.698Z"}
{"level":"info","message":"Server running on 3000 -> http://localhost:3000/","timestamp":"2022-03-19T22:54:37.751Z"}
{"level":"info","message":"Server running on 3000 -> http://localhost:3000/","timestamp":"2022-03-19T22:54:42.372Z"}
{"level":"info","message":"Server running on 3000 -> http://localhost:3000/","timestamp":"2022-03-19T22:54:47.530Z"}
{"level":"info","message":"Server running on 3000 -> http://localhost:3000/","timestamp":"2022-03-19T22:54:50.671Z"}
{"level":"info","message":"Server running on 3000 -> http://localhost:3000/","timestamp":"2022-03-19T22:54:59.356Z"}
{"level":"info","message":"Server running on 3000 -> http://localhost:3000/","timestamp":"2022-03-19T22:59:16.515Z"}
{"level":"info","message":"Server running on 3000 -> http://localhost:3000/","timestamp":"2022-03-19T22:59:19.775Z"}
{"level":"info","message":"Server running on 3000 -> http://localhost:3000/","timestamp":"2022-03-19T22:59:23.587Z"}
{"level":"info","message":"Server running on 3000 -> http://localhost:3000/","timestamp":"2022-03-19T22:59:27.345Z"}
{"level":"info","message":"Server running on 3000 -> http://localhost:3000/","timestamp":"2022-03-19T22:59:34.422Z"}
{"level":"info","message":"Server running on 3000 -> http://localhost:3000/","timestamp":"2022-03-19T22:59:37.067Z"}
{"level":"info","message":"Server running on 3000 -> http://localhost:3000/","timestamp":"2022-03-19T22:59:40.815Z"}
{"level":"info","message":"Server running on 3000 -> http://localhost:3000/","timestamp":"2022-03-19T22:59:45.354Z"}
{"level":"info","message":"Server running on 3000 -> http://localhost:3000/","timestamp":"2022-03-19T22:59:48.778Z"}
{"level":"info","message":"Server running on 3000 -> http://localhost:3000/","timestamp":"2022-03-19T22:59:54.556Z"}
{"level":"info","message":"Server running on 3000 -> http://localhost:3000/","timestamp":"2022-03-19T22:59:59.822Z"}
{"level":"info","message":"Server running on 3000 -> http://localhost:3000/","timestamp":"2022-03-19T23:00:02.255Z"}
{"level":"info","message":"Server running on 3000 -> http://localhost:3000/","timestamp":"2022-03-19T23:00:04.142Z"}
{"level":"info","message":"Server running on 3000 -> http://localhost:3000/","timestamp":"2022-03-20T01:14:26.616Z"}
{"level":"info","message":"::ffff:127.0.0.1 - - [20/Mar/2022:01:14:32 +0000] \"POST /user/login HTTP/1.1\" 200 211 \"-\" \"insomnia/2022.1.1\"\n","timestamp":"2022-03-20T01:14:32.770Z"}
{"level":"info","message":"Server running on 3000 -> http://localhost:3000/","timestamp":"2022-03-20T01:15:17.208Z"}
{"level":"info","message":"Server running on 3000 -> http://localhost:3000/","timestamp":"2022-03-20T01:15:20.552Z"}
{"level":"info","message":"::ffff:127.0.0.1 - - [20/Mar/2022:01:15:23 +0000] \"POST /user/login HTTP/1.1\" 200 211 \"-\" \"insomnia/2022.1.1\"\n","timestamp":"2022-03-20T01:15:23.369Z"}
{"level":"info","message":"Server running on 3000 -> http://localhost:3000/","timestamp":"2022-03-20T01:15:37.162Z"}
{"level":"info","message":"::ffff:127.0.0.1 - - [20/Mar/2022:01:15:39 +0000] \"POST /user/login HTTP/1.1\" 200 211 \"-\" \"insomnia/2022.1.1\"\n","timestamp":"2022-03-20T01:15:39.681Z"}
{"level":"info","message":"Server running on 3000 -> http://localhost:3000/","timestamp":"2022-03-20T01:15:55.659Z"}
{"level":"info","message":"::ffff:127.0.0.1 - - [20/Mar/2022:01:15:56 +0000] \"POST /user/login HTTP/1.1\" 200 211 \"-\" \"insomnia/2022.1.1\"\n","timestamp":"2022-03-20T01:15:56.813Z"}
{"level":"info","message":"Server running on 3000 -> http://localhost:3000/","timestamp":"2022-03-20T01:16:22.702Z"}
{"level":"info","message":"::ffff:127.0.0.1 - - [20/Mar/2022:01:16:23 +0000] \"POST /user/login HTTP/1.1\" 200 194 \"-\" \"insomnia/2022.1.1\"\n","timestamp":"2022-03-20T01:16:23.503Z"}
{"level":"info","message":"Server running on 3000 -> http://localhost:3000/","timestamp":"2022-03-20T01:16:49.157Z"}
{"level":"info","message":"Server running on 3000 -> http://localhost:3000/","timestamp":"2022-03-20T01:18:25.585Z"}
{"level":"info","message":"Server running on 3000 -> http://localhost:3000/","timestamp":"2022-03-20T01:18:43.749Z"}
{"level":"info","message":"Server running on 3000 -> http://localhost:3000/","timestamp":"2022-03-20T01:18:47.961Z"}
{"level":"info","message":"Server running on 3000 -> http://localhost:3000/","timestamp":"2022-03-20T01:18:50.040Z"}
{"level":"info","message":"Server running on 3000 -> http://localhost:3000/","timestamp":"2022-03-20T01:18:56.236Z"}
{"level":"info","message":"Server running on 3000 -> http://localhost:3000/","timestamp":"2022-03-20T01:18:57.733Z"}
{"level":"info","message":"Server running on 3000 -> http://localhost:3000/","timestamp":"2022-03-20T01:19:02.642Z"}
{"level":"info","message":"Server running on 3000 -> http://localhost:3000/","timestamp":"2022-03-20T01:19:05.600Z"}
{"level":"info","message":"Server running on 3000 -> http://localhost:3000/","timestamp":"2022-03-20T01:20:59.950Z"}
{"level":"info","message":"Server running on 3000 -> http://localhost:3000/","timestamp":"2022-03-20T01:21:04.365Z"}
{"level":"info","message":"Server running on 3000 -> http://localhost:3000/","timestamp":"2022-03-20T01:21:08.798Z"}
{"level":"info","message":"Server running on 3000 -> http://localhost:3000/","timestamp":"2022-03-20T01:21:12.470Z"}
{"level":"info","message":"Server running on 3000 -> http://localhost:3000/","timestamp":"2022-03-20T01:21:14.560Z"}
{"level":"info","message":"Server running on 3000 -> http://localhost:3000/","timestamp":"2022-03-20T01:21:19.269Z"}
{"level":"info","message":"::ffff:127.0.0.1 - - [20/Mar/2022:01:21:23 +0000] \"POST /user/get HTTP/1.1\" 404 148 \"-\" \"insomnia/2022.1.1\"\n","timestamp":"2022-03-20T01:21:23.414Z"}
{"level":"info","message":"::ffff:127.0.0.1 - - [20/Mar/2022:01:21:27 +0000] \"GET /user/get HTTP/1.1\" 500 1557 \"-\" \"insomnia/2022.1.1\"\n","timestamp":"2022-03-20T01:21:27.505Z"}
{"level":"error","message":"Error [ERR_HTTP_HEADERS_SENT]: Cannot set headers after they are sent to the client","timestamp":"2022-03-20T01:21:27.607Z"}
{"level":"info","message":"Server running on 3000 -> http://localhost:3000/","timestamp":"2022-03-20T01:21:41.449Z"}
{"level":"info","message":"::ffff:127.0.0.1 - - [20/Mar/2022:01:21:48 +0000] \"GET /user/get HTTP/1.1\" 200 1243 \"-\" \"insomnia/2022.1.1\"\n","timestamp":"2022-03-20T01:21:48.234Z"}
{"level":"info","message":"Server running on 3000 -> http://localhost:3000/","timestamp":"2022-03-20T01:22:15.754Z"}
{"level":"info","message":"Server running on 3000 -> http://localhost:3000/","timestamp":"2022-03-20T01:22:28.337Z"}
{"level":"info","message":"Server running on 3000 -> http://localhost:3000/","timestamp":"2022-03-20T01:22:31.951Z"}
{"level":"info","message":"::ffff:127.0.0.1 - - [20/Mar/2022:01:22:33 +0000] \"GET /user/get HTTP/1.1\" 200 1243 \"-\" \"insomnia/2022.1.1\"\n","timestamp":"2022-03-20T01:22:33.433Z"}
{"level":"info","message":"Server running on 3000 -> http://localhost:3000/","timestamp":"2022-03-20T01:25:08.983Z"}
{"level":"info","message":"Server running on 3000 -> http://localhost:3000/","timestamp":"2022-03-20T01:25:32.472Z"}
{"level":"info","message":"Server running on 3000 -> http://localhost:3000/","timestamp":"2022-03-20T01:26:14.049Z"}
{"level":"info","message":"Server running on 3000 -> http://localhost:3000/","timestamp":"2022-03-20T01:27:06.707Z"}
{"level":"info","message":"Server running on 3000 -> http://localhost:3000/","timestamp":"2022-03-20T01:27:09.723Z"}
{"level":"info","message":"Server running on 3000 -> http://localhost:3000/","timestamp":"2022-03-20T01:27:19.172Z"}
{"level":"info","message":"Server running on 3000 -> http://localhost:3000/","timestamp":"2022-03-20T01:27:47.951Z"}
{"level":"info","message":"Server running on 3000 -> http://localhost:3000/","timestamp":"2022-03-20T01:28:01.370Z"}
{"level":"info","message":"Server running on 3000 -> http://localhost:3000/","timestamp":"2022-03-20T01:28:05.723Z"}
{"level":"info","message":"::ffff:127.0.0.1 - - [20/Mar/2022:01:28:07 +0000] \"GET /user/get HTTP/1.1\" 200 1243 \"-\" \"insomnia/2022.1.1\"\n","timestamp":"2022-03-20T01:28:07.919Z"}
{"level":"info","message":"Server running on 3000 -> http://localhost:3000/","timestamp":"2022-03-20T01:29:20.554Z"}
{"level":"info","message":"Server running on 3000 -> http://localhost:3000/","timestamp":"2022-03-20T01:29:23.768Z"}
{"level":"info","message":"Server running on 3000 -> http://localhost:3000/","timestamp":"2022-03-20T01:29:30.305Z"}
{"level":"info","message":"Server running on 3000 -> http://localhost:3000/","timestamp":"2022-03-20T01:29:44.568Z"}
{"level":"info","message":"Server running on 3000 -> http://localhost:3000/","timestamp":"2022-03-20T01:29:55.607Z"}
{"level":"info","message":"Server running on 3000 -> http://localhost:3000/","timestamp":"2022-03-20T01:29:57.031Z"}
{"level":"info","message":"Server running on 3000 -> http://localhost:3000/","timestamp":"2022-03-20T01:30:30.673Z"}
{"level":"info","message":"::ffff:127.0.0.1 - - [20/Mar/2022:01:30:32 +0000] \"GET /user/get HTTP/1.1\" 200 1243 \"-\" \"insomnia/2022.1.1\"\n","timestamp":"2022-03-20T01:30:32.332Z"}
{"level":"info","message":"Server running on 3000 -> http://localhost:3000/","timestamp":"2022-03-20T01:31:07.587Z"}
{"level":"info","message":"Server running on 3000 -> http://localhost:3000/","timestamp":"2022-03-20T01:31:10.558Z"}
{"level":"info","message":"Server running on 3000 -> http://localhost:3000/","timestamp":"2022-03-20T01:31:12.283Z"}
{"level":"info","message":"Server running on 3000 -> http://localhost:3000/","timestamp":"2022-03-20T01:31:17.603Z"}
{"level":"info","message":"Server running on 3000 -> http://localhost:3000/","timestamp":"2022-03-20T01:31:21.993Z"}
{"level":"info","message":"Server running on 3000 -> http://localhost:3000/","timestamp":"2022-03-20T01:31:33.119Z"}
{"level":"info","message":"Server running on 3000 -> http://localhost:3000/","timestamp":"2022-03-20T01:31:35.740Z"}
{"level":"info","message":"Server running on 3000 -> http://localhost:3000/","timestamp":"2022-03-20T01:31:41.397Z"}
{"level":"info","message":"Server running on 3000 -> http://localhost:3000/","timestamp":"2022-03-20T01:32:04.364Z"}
{"level":"info","message":"Server running on 3000 -> http://localhost:3000/","timestamp":"2022-03-20T01:32:08.414Z"}
{"level":"info","message":"Server running on 3000 -> http://localhost:3000/","timestamp":"2022-03-20T01:32:21.452Z"}
{"level":"info","message":"Server running on 3000 -> http://localhost:3000/","timestamp":"2022-03-20T01:32:24.811Z"}
{"level":"info","message":"Server running on 3000 -> http://localhost:3000/","timestamp":"2022-03-20T01:32:26.871Z"}
{"level":"info","message":"Server running on 3000 -> http://localhost:3000/","timestamp":"2022-03-20T01:32:28.716Z"}
{"level":"info","message":"Server running on 3000 -> http://localhost:3000/","timestamp":"2022-03-20T01:32:31.667Z"}
{"level":"info","message":"Server running on 3000 -> http://localhost:3000/","timestamp":"2022-03-20T01:32:40.501Z"}
{"level":"info","message":"Server running on 3000 -> http://localhost:3000/","timestamp":"2022-03-20T01:33:20.422Z"}
{"level":"info","message":"Server running on 3000 -> http://localhost:3000/","timestamp":"2022-03-20T01:33:26.512Z"}
{"level":"info","message":"Server running on 3000 -> http://localhost:3000/","timestamp":"2022-03-20T01:34:00.459Z"}
{"level":"info","message":"Server running on 3000 -> http://localhost:3000/","timestamp":"2022-03-20T01:34:03.136Z"}
{"level":"info","message":"Server running on 3000 -> http://localhost:3000/","timestamp":"2022-03-20T01:34:06.070Z"}
{"level":"info","message":"Server running on 3000 -> http://localhost:3000/","timestamp":"2022-03-20T01:34:09.742Z"}
{"level":"info","message":"Server running on 3000 -> http://localhost:3000/","timestamp":"2022-03-20T01:34:19.160Z"}
{"level":"info","message":"Server running on 3000 -> http://localhost:3000/","timestamp":"2022-03-20T01:45:40.653Z"}
{"level":"info","message":"::ffff:127.0.0.1 - - [20/Mar/2022:01:46:20 +0000] \"GET /user/login HTTP/1.1\" 404 149 \"-\" \"insomnia/2022.1.1\"\n","timestamp":"2022-03-20T01:46:20.623Z"}
{"level":"info","message":"::ffff:127.0.0.1 - - [20/Mar/2022:01:46:29 +0000] \"GET /user/get HTTP/1.1\" 200 1243 \"-\" \"insomnia/2022.1.1\"\n","timestamp":"2022-03-20T01:46:29.361Z"}
{"level":"info","message":"Server running on 3000 -> http://localhost:3000/","timestamp":"2022-03-20T01:47:59.635Z"}
{"level":"info","message":"Server running on 3000 -> http://localhost:3000/","timestamp":"2022-03-20T01:48:21.354Z"}
{"level":"info","message":"Server running on 3000 -> http://localhost:3000/","timestamp":"2022-03-20T01:55:46.854Z"}
{"level":"info","message":"Server running on 3000 -> http://localhost:3000/","timestamp":"2022-03-20T01:55:49.866Z"}
{"level":"info","message":"Server running on 3000 -> http://localhost:3000/","timestamp":"2022-03-20T01:56:19.904Z"}
{"level":"info","message":"Server running on 3000 -> http://localhost:3000/","timestamp":"2022-03-20T01:56:26.918Z"}
{"level":"info","message":"Server running on 3000 -> http://localhost:3000/","timestamp":"2022-03-20T01:56:52.456Z"}
{"level":"info","message":"Server running on 3000 -> http://localhost:3000/","timestamp":"2022-03-20T01:56:59.181Z"}
{"level":"info","message":"Server running on 3000 -> http://localhost:3000/","timestamp":"2022-03-20T02:01:25.977Z"}
{"level":"info","message":"Server running on 3000 -> http://localhost:3000/","timestamp":"2022-03-20T02:01:48.511Z"}
{"level":"info","message":"Server running on 3000 -> http://localhost:3000/","timestamp":"2022-03-20T02:01:50.507Z"}
{"level":"info","message":"Server running on 3000 -> http://localhost:3000/","timestamp":"2022-03-20T02:01:54.272Z"}
{"level":"info","message":"Server running on 3000 -> http://localhost:3000/","timestamp":"2022-03-20T02:01:55.826Z"}
{"level":"info","message":"Server running on 3000 -> http://localhost:3000/","timestamp":"2022-03-20T02:02:04.063Z"}
{"level":"info","message":"Server running on 3000 -> http://localhost:3000/","timestamp":"2022-03-20T02:02:17.429Z"}
{"level":"info","message":"Server running on 3000 -> http://localhost:3000/","timestamp":"2022-03-20T02:02:26.620Z"}
{"level":"info","message":"Server running on 3000 -> http://localhost:3000/","timestamp":"2022-03-20T02:02:30.155Z"}
{"level":"info","message":"Server running on 3000 -> http://localhost:3000/","timestamp":"2022-03-20T02:02:32.683Z"}
{"level":"info","message":"Server running on 3000 -> http://localhost:3000/","timestamp":"2022-03-20T02:02:40.919Z"}
{"level":"info","message":"Server running on 3000 -> http://localhost:3000/","timestamp":"2022-03-20T02:02:43.681Z"}
{"level":"info","message":"Server running on 3000 -> http://localhost:3000/","timestamp":"2022-03-20T02:02:46.378Z"}
{"level":"info","message":"Server running on 3000 -> http://localhost:3000/","timestamp":"2022-03-20T02:02:48.453Z"}
{"level":"info","message":"Server running on 3000 -> http://localhost:3000/","timestamp":"2022-03-20T02:03:39.916Z"}
{"level":"info","message":"Server running on 3000 -> http://localhost:3000/","timestamp":"2022-03-20T02:03:41.695Z"}
{"level":"info","message":"Server running on 3000 -> http://localhost:3000/","timestamp":"2022-03-20T02:03:46.335Z"}
{"level":"info","message":"Server running on 3000 -> http://localhost:3000/","timestamp":"2022-03-20T02:03:59.609Z"}
{"level":"info","message":"Server running on 3000 -> http://localhost:3000/","timestamp":"2022-03-20T02:04:02.217Z"}
{"level":"info","message":"Server running on 3000 -> http://localhost:3000/","timestamp":"2022-03-20T02:04:03.766Z"}
{"level":"info","message":"Server running on 3000 -> http://localhost:3000/","timestamp":"2022-03-20T02:04:11.262Z"}
{"level":"info","message":"Server running on 3000 -> http://localhost:3000/","timestamp":"2022-03-20T02:04:14.379Z"}
{"level":"info","message":"Server running on 3000 -> http://localhost:3000/","timestamp":"2022-03-20T02:04:18.969Z"}
{"level":"info","message":"Server running on 3000 -> http://localhost:3000/","timestamp":"2022-03-20T02:04:22.199Z"}
{"level":"info","message":"Server running on 3000 -> http://localhost:3000/","timestamp":"2022-03-20T02:04:24.206Z"}
{"level":"info","message":"Server running on 3000 -> http://localhost:3000/","timestamp":"2022-03-20T02:04:26.767Z"}
{"level":"info","message":"Server running on 3000 -> http://localhost:3000/","timestamp":"2022-03-20T02:04:36.556Z"}
{"level":"info","message":"Server running on 3000 -> http://localhost:3000/","timestamp":"2022-03-20T02:04:38.003Z"}
{"level":"info","message":"Server running on 3000 -> http://localhost:3000/","timestamp":"2022-03-20T02:04:43.041Z"}
{"level":"info","message":"Server running on 3000 -> http://localhost:3000/","timestamp":"2022-03-20T02:04:44.205Z"}
{"level":"info","message":"Server running on 3000 -> http://localhost:3000/","timestamp":"2022-03-20T02:04:49.481Z"}
{"level":"info","message":"Server running on 3000 -> http://localhost:3000/","timestamp":"2022-03-20T02:04:52.445Z"}
{"level":"info","message":"Server running on 3000 -> http://localhost:3000/","timestamp":"2022-03-20T02:04:56.565Z"}
{"level":"info","message":"Server running on 3000 -> http://localhost:3000/","timestamp":"2022-03-20T02:04:58.327Z"}
{"level":"info","message":"Server running on 3000 -> http://localhost:3000/","timestamp":"2022-03-20T02:05:03.346Z"}
{"level":"info","message":"Server running on 3000 -> http://localhost:3000/","timestamp":"2022-03-20T02:05:08.302Z"}
{"level":"info","message":"Server running on 3000 -> http://localhost:3000/","timestamp":"2022-03-20T02:05:09.680Z"}
{"level":"info","message":"Server running on 3000 -> http://localhost:3000/","timestamp":"2022-03-20T02:05:12.027Z"}
{"level":"info","message":"Server running on 3000 -> http://localhost:3000/","timestamp":"2022-03-20T02:05:15.363Z"}
{"level":"info","message":"Server running on 3000 -> http://localhost:3000/","timestamp":"2022-03-20T02:05:16.998Z"}
{"level":"info","message":"Server running on 3000 -> http://localhost:3000/","timestamp":"2022-03-20T02:05:19.324Z"}
{"level":"info","message":"Server running on 3000 -> http://localhost:3000/","timestamp":"2022-03-20T02:05:21.742Z"}
{"level":"info","message":"Server running on 3000 -> http://localhost:3000/","timestamp":"2022-03-20T02:05:29.251Z"}
{"level":"info","message":"Server running on 3000 -> http://localhost:3000/","timestamp":"2022-03-20T02:05:33.410Z"}
{"level":"info","message":"Server running on 3000 -> http://localhost:3000/","timestamp":"2022-03-20T02:05:35.248Z"}
{"level":"info","message":"Server running on 3000 -> http://localhost:3000/","timestamp":"2022-03-20T02:05:39.441Z"}
{"level":"info","message":"Server running on 3000 -> http://localhost:3000/","timestamp":"2022-03-20T02:05:47.693Z"}
{"level":"info","message":"Server running on 3000 -> http://localhost:3000/","timestamp":"2022-03-20T02:05:53.284Z"}
{"level":"info","message":"Server running on 3000 -> http://localhost:3000/","timestamp":"2022-03-20T02:05:56.230Z"}
{"level":"info","message":"Server running on 3000 -> http://localhost:3000/","timestamp":"2022-03-20T02:06:05.519Z"}
{"level":"info","message":"Server running on 3000 -> http://localhost:3000/","timestamp":"2022-03-20T02:06:10.209Z"}
{"level":"info","message":"Server running on 3000 -> http://localhost:3000/","timestamp":"2022-03-20T02:06:12.755Z"}
{"level":"info","message":"Server running on 3000 -> http://localhost:3000/","timestamp":"2022-03-20T02:06:14.661Z"}
{"level":"info","message":"Server running on 3000 -> http://localhost:3000/","timestamp":"2022-03-20T02:06:18.637Z"}
{"level":"info","message":"Server running on 3000 -> http://localhost:3000/","timestamp":"2022-03-20T02:06:23.726Z"}
{"level":"info","message":"Server running on 3000 -> http://localhost:3000/","timestamp":"2022-03-20T02:06:33.649Z"}
{"level":"info","message":"Server running on 3000 -> http://localhost:3000/","timestamp":"2022-03-20T02:06:37.075Z"}
{"level":"info","message":"Server running on 3000 -> http://localhost:3000/","timestamp":"2022-03-20T02:06:39.932Z"}
{"level":"info","message":"Server running on 3000 -> http://localhost:3000/","timestamp":"2022-03-20T02:06:46.292Z"}
{"level":"info","message":"Server running on 3000 -> http://localhost:3000/","timestamp":"2022-03-20T02:06:49.143Z"}
{"level":"info","message":"Server running on 3000 -> http://localhost:3000/","timestamp":"2022-03-20T02:06:53.047Z"}
{"level":"info","message":"Server running on 3000 -> http://localhost:3000/","timestamp":"2022-03-20T02:07:00.028Z"}
{"level":"info","message":"Server running on 3000 -> http://localhost:3000/","timestamp":"2022-03-20T02:07:03.763Z"}
{"level":"info","message":"Server running on 3000 -> http://localhost:3000/","timestamp":"2022-03-20T02:07:08.279Z"}
{"level":"info","message":"Server running on 3000 -> http://localhost:3000/","timestamp":"2022-03-20T02:07:10.669Z"}
{"level":"info","message":"Server running on 3000 -> http://localhost:3000/","timestamp":"2022-03-20T02:07:15.521Z"}
{"level":"info","message":"Server running on 3000 -> http://localhost:3000/","timestamp":"2022-03-20T02:07:17.965Z"}
{"level":"info","message":"Server running on 3000 -> http://localhost:3000/","timestamp":"2022-03-20T02:07:20.344Z"}
{"level":"info","message":"Server running on 3000 -> http://localhost:3000/","timestamp":"2022-03-20T02:07:24.931Z"}
{"level":"info","message":"Server running on 3000 -> http://localhost:3000/","timestamp":"2022-03-20T02:07:27.745Z"}
{"level":"info","message":"Server running on 3000 -> http://localhost:3000/","timestamp":"2022-03-20T02:07:30.415Z"}
{"level":"info","message":"Server running on 3000 -> http://localhost:3000/","timestamp":"2022-03-20T02:07:35.249Z"}
{"level":"info","message":"Server running on 3000 -> http://localhost:3000/","timestamp":"2022-03-20T02:07:38.606Z"}
{"level":"info","message":"Server running on 3000 -> http://localhost:3000/","timestamp":"2022-03-20T02:07:42.805Z"}
{"level":"info","message":"Server running on 3000 -> http://localhost:3000/","timestamp":"2022-03-20T02:07:45.348Z"}
{"level":"info","message":"Server running on 3000 -> http://localhost:3000/","timestamp":"2022-03-20T02:07:47.672Z"}
{"level":"info","message":"Server running on 3000 -> http://localhost:3000/","timestamp":"2022-03-20T02:07:51.290Z"}
{"level":"info","message":"Server running on 3000 -> http://localhost:3000/","timestamp":"2022-03-20T02:07:54.150Z"}
{"level":"info","message":"Server running on 3000 -> http://localhost:3000/","timestamp":"2022-03-20T02:07:56.513Z"}
{"level":"info","message":"Server running on 3000 -> http://localhost:3000/","timestamp":"2022-03-20T02:08:00.069Z"}
{"level":"info","message":"Server running on 3000 -> http://localhost:3000/","timestamp":"2022-03-20T02:08:05.040Z"}
{"level":"info","message":"Server running on 3000 -> http://localhost:3000/","timestamp":"2022-03-20T02:08:09.642Z"}
{"level":"info","message":"Server running on 3000 -> http://localhost:3000/","timestamp":"2022-03-20T02:08:12.599Z"}
{"level":"info","message":"Server running on 3000 -> http://localhost:3000/","timestamp":"2022-03-20T02:08:31.980Z"}
{"level":"info","message":"Server running on 3000 -> http://localhost:3000/","timestamp":"2022-03-20T02:08:35.881Z"}
{"level":"info","message":"Server running on 3000 -> http://localhost:3000/","timestamp":"2022-03-20T02:08:39.271Z"}
{"level":"info","message":"Server running on 3000 -> http://localhost:3000/","timestamp":"2022-03-20T02:08:40.766Z"}
{"level":"info","message":"Server running on 3000 -> http://localhost:3000/","timestamp":"2022-03-20T02:08:49.193Z"}
{"level":"info","message":"Server running on 3000 -> http://localhost:3000/","timestamp":"2022-03-20T02:08:51.474Z"}
{"level":"info","message":"Server running on 3000 -> http://localhost:3000/","timestamp":"2022-03-20T02:08:53.526Z"}
{"level":"info","message":"Server running on 3000 -> http://localhost:3000/","timestamp":"2022-03-20T02:09:01.210Z"}
{"level":"info","message":"Server running on 3000 -> http://localhost:3000/","timestamp":"2022-03-20T02:09:05.128Z"}
{"level":"info","message":"Server running on 3000 -> http://localhost:3000/","timestamp":"2022-03-20T02:09:08.556Z"}
{"level":"info","message":"Server running on 3000 -> http://localhost:3000/","timestamp":"2022-03-20T02:09:10.701Z"}
{"level":"info","message":"Server running on 3000 -> http://localhost:3000/","timestamp":"2022-03-20T02:09:13.244Z"}
{"level":"info","message":"Server running on 3000 -> http://localhost:3000/","timestamp":"2022-03-20T02:09:15.226Z"}
{"level":"info","message":"Server running on 3000 -> http://localhost:3000/","timestamp":"2022-03-20T02:09:19.102Z"}
{"level":"info","message":"Server running on 3000 -> http://localhost:3000/","timestamp":"2022-03-20T02:09:25.875Z"}
{"level":"info","message":"Server running on 3000 -> http://localhost:3000/","timestamp":"2022-03-20T02:09:31.602Z"}
{"level":"info","message":"Server running on 3000 -> http://localhost:3000/","timestamp":"2022-03-20T02:09:34.492Z"}
{"level":"info","message":"Server running on 3000 -> http://localhost:3000/","timestamp":"2022-03-20T02:09:36.940Z"}
{"level":"info","message":"Server running on 3000 -> http://localhost:3000/","timestamp":"2022-03-20T02:09:39.545Z"}
{"level":"info","message":"Server running on 3000 -> http://localhost:3000/","timestamp":"2022-03-20T02:09:45.494Z"}
{"level":"info","message":"Server running on 3000 -> http://localhost:3000/","timestamp":"2022-03-20T02:09:46.888Z"}
{"level":"info","message":"Server running on 3000 -> http://localhost:3000/","timestamp":"2022-03-20T02:09:48.715Z"}
{"level":"info","message":"Server running on 3000 -> http://localhost:3000/","timestamp":"2022-03-20T02:09:50.489Z"}
{"level":"info","message":"Server running on 3000 -> http://localhost:3000/","timestamp":"2022-03-20T02:09:52.302Z"}
{"level":"info","message":"Server running on 3000 -> http://localhost:3000/","timestamp":"2022-03-20T02:09:56.925Z"}
{"level":"info","message":"Server running on 3000 -> http://localhost:3000/","timestamp":"2022-03-20T02:10:00.953Z"}
{"level":"info","message":"Server running on 3000 -> http://localhost:3000/","timestamp":"2022-03-20T02:10:05.716Z"}
{"level":"info","message":"Server running on 3000 -> http://localhost:3000/","timestamp":"2022-03-20T02:10:07.713Z"}
{"level":"info","message":"Server running on 3000 -> http://localhost:3000/","timestamp":"2022-03-20T02:10:56.139Z"}
{"level":"info","message":"Server running on 3000 -> http://localhost:3000/","timestamp":"2022-03-20T02:10:58.479Z"}
{"level":"info","message":"Server running on 3000 -> http://localhost:3000/","timestamp":"2022-03-20T02:11:00.042Z"}
{"level":"info","message":"Server running on 3000 -> http://localhost:3000/","timestamp":"2022-03-20T02:11:01.955Z"}
{"level":"info","message":"Server running on 3000 -> http://localhost:3000/","timestamp":"2022-03-20T02:11:03.556Z"}
{"level":"info","message":"Server running on 3000 -> http://localhost:3000/","timestamp":"2022-03-20T02:11:09.077Z"}
{"level":"info","message":"Server running on 3000 -> http://localhost:3000/","timestamp":"2022-03-20T02:11:11.015Z"}
{"level":"info","message":"Server running on 3000 -> http://localhost:3000/","timestamp":"2022-03-20T02:11:13.195Z"}
{"level":"info","message":"Server running on 3000 -> http://localhost:3000/","timestamp":"2022-03-20T02:11:15.370Z"}
{"level":"info","message":"Server running on 3000 -> http://localhost:3000/","timestamp":"2022-03-20T02:11:23.730Z"}
{"level":"info","message":"Server running on 3000 -> http://localhost:3000/","timestamp":"2022-03-20T02:11:37.147Z"}
{"level":"info","message":"Server running on 3000 -> http://localhost:3000/","timestamp":"2022-03-20T02:11:41.825Z"}
{"level":"info","message":"Server running on 3000 -> http://localhost:3000/","timestamp":"2022-03-20T02:11:48.243Z"}
{"level":"info","message":"Server running on 3000 -> http://localhost:3000/","timestamp":"2022-03-20T02:11:52.572Z"}
{"level":"info","message":"Server running on 3000 -> http://localhost:3000/","timestamp":"2022-03-20T02:12:02.355Z"}
{"level":"info","message":"Server running on 3000 -> http://localhost:3000/","timestamp":"2022-03-20T02:12:06.340Z"}
{"level":"info","message":"Server running on 3000 -> http://localhost:3000/","timestamp":"2022-03-20T02:12:17.599Z"}
{"level":"info","message":"Server running on 3000 -> http://localhost:3000/","timestamp":"2022-03-20T02:12:27.522Z"}
{"level":"info","message":"Server running on 3000 -> http://localhost:3000/","timestamp":"2022-03-20T02:12:32.055Z"}
{"level":"info","message":"Server running on 3000 -> http://localhost:3000/","timestamp":"2022-03-20T02:12:34.528Z"}
{"level":"info","message":"Server running on 3000 -> http://localhost:3000/","timestamp":"2022-03-20T02:12:37.262Z"}
{"level":"info","message":"Server running on 3000 -> http://localhost:3000/","timestamp":"2022-03-20T02:12:39.113Z"}
{"level":"info","message":"Server running on 3000 -> http://localhost:3000/","timestamp":"2022-03-20T02:12:41.636Z"}
{"level":"info","message":"Server running on 3000 -> http://localhost:3000/","timestamp":"2022-03-20T02:12:45.351Z"}
{"level":"info","message":"Server running on 3000 -> http://localhost:3000/","timestamp":"2022-03-20T02:13:04.234Z"}
{"level":"info","message":"Server running on 3000 -> http://localhost:3000/","timestamp":"2022-03-20T02:13:19.938Z"}
{"level":"info","message":"Server running on 3000 -> http://localhost:3000/","timestamp":"2022-03-20T02:13:22.278Z"}
{"level":"info","message":"Server running on 3000 -> http://localhost:3000/","timestamp":"2022-03-20T02:13:23.355Z"}
{"level":"info","message":"Server running on 3000 -> http://localhost:3000/","timestamp":"2022-03-20T02:13:33.849Z"}
{"level":"info","message":"Server running on 3000 -> http://localhost:3000/","timestamp":"2022-03-20T02:13:37.323Z"}
{"level":"info","message":"Server running on 3000 -> http://localhost:3000/","timestamp":"2022-03-20T02:13:51.068Z"}
{"level":"info","message":"Server running on 3000 -> http://localhost:3000/","timestamp":"2022-03-20T02:13:55.184Z"}
{"level":"info","message":"Server running on 3000 -> http://localhost:3000/","timestamp":"2022-03-20T02:14:00.758Z"}
{"level":"info","message":"Server running on 3000 -> http://localhost:3000/","timestamp":"2022-03-20T02:14:06.172Z"}
{"level":"info","message":"Server running on 3000 -> http://localhost:3000/","timestamp":"2022-03-20T02:14:10.470Z"}
{"level":"info","message":"Server running on 3000 -> http://localhost:3000/","timestamp":"2022-03-20T02:14:14.403Z"}
{"level":"info","message":"Server running on 3000 -> http://localhost:3000/","timestamp":"2022-03-20T02:14:17.096Z"}
{"level":"info","message":"Server running on 3000 -> http://localhost:3000/","timestamp":"2022-03-20T02:14:19.910Z"}
{"level":"info","message":"Server running on 3000 -> http://localhost:3000/","timestamp":"2022-03-20T02:14:23.192Z"}
{"level":"info","message":"Server running on 3000 -> http://localhost:3000/","timestamp":"2022-03-20T02:14:46.911Z"}
{"level":"info","message":"Server running on 3000 -> http://localhost:3000/","timestamp":"2022-03-20T02:15:37.221Z"}
{"level":"info","message":"Server running on 3000 -> http://localhost:3000/","timestamp":"2022-03-20T02:15:40.058Z"}
{"level":"info","message":"Server running on 3000 -> http://localhost:3000/","timestamp":"2022-03-20T02:15:41.438Z"}
{"level":"info","message":"Server running on 3000 -> http://localhost:3000/","timestamp":"2022-03-20T02:15:42.936Z"}
{"level":"info","message":"Server running on 3000 -> http://localhost:3000/","timestamp":"2022-03-20T02:15:44.706Z"}
{"level":"info","message":"Server running on 3000 -> http://localhost:3000/","timestamp":"2022-03-20T02:15:47.677Z"}
{"level":"info","message":"Server running on 3000 -> http://localhost:3000/","timestamp":"2022-03-20T02:15:50.931Z"}
{"level":"info","message":"Server running on 3000 -> http://localhost:3000/","timestamp":"2022-03-20T02:15:53.478Z"}
{"level":"info","message":"Server running on 3000 -> http://localhost:3000/","timestamp":"2022-03-20T02:15:56.485Z"}
{"level":"info","message":"Server running on 3000 -> http://localhost:3000/","timestamp":"2022-03-20T02:16:00.010Z"}
{"level":"info","message":"Server running on 3000 -> http://localhost:3000/","timestamp":"2022-03-20T02:16:03.234Z"}
{"level":"info","message":"Server running on 3000 -> http://localhost:3000/","timestamp":"2022-03-20T02:16:05.369Z"}
{"level":"info","message":"Server running on 3000 -> http://localhost:3000/","timestamp":"2022-03-20T02:16:07.466Z"}
{"level":"info","message":"Server running on 3000 -> http://localhost:3000/","timestamp":"2022-03-20T02:16:13.020Z"}
{"level":"info","message":"Server running on 3000 -> http://localhost:3000/","timestamp":"2022-03-20T02:16:19.632Z"}
{"level":"info","message":"Server running on 3000 -> http://localhost:3000/","timestamp":"2022-03-20T02:16:23.215Z"}
{"level":"info","message":"Server running on 3000 -> http://localhost:3000/","timestamp":"2022-03-20T02:16:24.824Z"}
{"level":"info","message":"Server running on 3000 -> http://localhost:3000/","timestamp":"2022-03-20T02:16:29.470Z"}
{"level":"info","message":"Server running on 3000 -> http://localhost:3000/","timestamp":"2022-03-20T02:16:39.085Z"}
{"level":"info","message":"Server running on 3000 -> http://localhost:3000/","timestamp":"2022-03-20T02:16:40.704Z"}
{"level":"info","message":"Server running on 3000 -> http://localhost:3000/","timestamp":"2022-03-20T02:17:14.693Z"}
{"level":"info","message":"Server running on 3000 -> http://localhost:3000/","timestamp":"2022-03-20T02:17:16.847Z"}
{"level":"info","message":"Server running on 3000 -> http://localhost:3000/","timestamp":"2022-03-20T02:17:18.621Z"}
{"level":"info","message":"Server running on 3000 -> http://localhost:3000/","timestamp":"2022-03-20T02:18:03.176Z"}
{"level":"info","message":"Server running on 3000 -> http://localhost:3000/","timestamp":"2022-03-20T02:18:05.031Z"}
{"level":"info","message":"Server running on 3000 -> http://localhost:3000/","timestamp":"2022-03-20T02:18:09.992Z"}
{"level":"info","message":"Server running on 3000 -> http://localhost:3000/","timestamp":"2022-03-20T02:18:13.352Z"}
{"level":"info","message":"Server running on 3000 -> http://localhost:3000/","timestamp":"2022-03-20T02:18:18.422Z"}
{"level":"info","message":"Server running on 3000 -> http://localhost:3000/","timestamp":"2022-03-20T02:18:22.365Z"}
{"level":"info","message":"Server running on 3000 -> http://localhost:3000/","timestamp":"2022-03-20T02:18:24.576Z"}
{"level":"info","message":"Server running on 3000 -> http://localhost:3000/","timestamp":"2022-03-20T02:18:27.590Z"}
{"level":"info","message":"Server running on 3000 -> http://localhost:3000/","timestamp":"2022-03-20T02:18:29.310Z"}
{"level":"info","message":"Server running on 3000 -> http://localhost:3000/","timestamp":"2022-03-20T02:18:31.336Z"}
{"level":"info","message":"Server running on 3000 -> http://localhost:3000/","timestamp":"2022-03-20T02:18:34.064Z"}
{"level":"info","message":"Server running on 3000 -> http://localhost:3000/","timestamp":"2022-03-20T02:18:37.989Z"}
{"level":"info","message":"Server running on 3000 -> http://localhost:3000/","timestamp":"2022-03-20T02:18:42.756Z"}
{"level":"info","message":"Server running on 3000 -> http://localhost:3000/","timestamp":"2022-03-20T02:18:46.909Z"}
{"level":"info","message":"Server running on 3000 -> http://localhost:3000/","timestamp":"2022-03-20T02:19:30.545Z"}
{"level":"info","message":"Server running on 3000 -> http://localhost:3000/","timestamp":"2022-03-20T02:19:33.524Z"}
{"level":"info","message":"Server running on 3000 -> http://localhost:3000/","timestamp":"2022-03-20T02:19:37.518Z"}
{"level":"info","message":"Server running on 3000 -> http://localhost:3000/","timestamp":"2022-03-20T02:19:40.193Z"}
{"level":"info","message":"Server running on 3000 -> http://localhost:3000/","timestamp":"2022-03-20T02:19:43.342Z"}
{"level":"info","message":"Server running on 3000 -> http://localhost:3000/","timestamp":"2022-03-20T02:19:46.970Z"}
{"level":"info","message":"Server running on 3000 -> http://localhost:3000/","timestamp":"2022-03-20T02:19:48.521Z"}
{"level":"info","message":"Server running on 3000 -> http://localhost:3000/","timestamp":"2022-03-20T02:19:50.659Z"}
{"level":"info","message":"Server running on 3000 -> http://localhost:3000/","timestamp":"2022-03-20T02:19:53.530Z"}
{"level":"info","message":"Server running on 3000 -> http://localhost:3000/","timestamp":"2022-03-20T02:19:56.036Z"}
{"level":"info","message":"Server running on 3000 -> http://localhost:3000/","timestamp":"2022-03-20T02:20:01.442Z"}
{"level":"info","message":"Server running on 3000 -> http://localhost:3000/","timestamp":"2022-03-20T02:20:09.735Z"}
{"level":"info","message":"Server running on 3000 -> http://localhost:3000/","timestamp":"2022-03-20T02:20:13.813Z"}
{"level":"info","message":"Server running on 3000 -> http://localhost:3000/","timestamp":"2022-03-20T02:20:18.058Z"}
{"level":"info","message":"Server running on 3000 -> http://localhost:3000/","timestamp":"2022-03-20T02:20:22.206Z"}
{"level":"info","message":"Server running on 3000 -> http://localhost:3000/","timestamp":"2022-03-20T02:20:31.636Z"}
{"level":"info","message":"Server running on 3000 -> http://localhost:3000/","timestamp":"2022-03-20T02:20:35.154Z"}
{"level":"info","message":"Server running on 3000 -> http://localhost:3000/","timestamp":"2022-03-20T02:20:37.496Z"}
{"level":"info","message":"Server running on 3000 -> http://localhost:3000/","timestamp":"2022-03-20T02:20:43.274Z"}
{"level":"info","message":"Server running on 3000 -> http://localhost:3000/","timestamp":"2022-03-20T02:20:49.422Z"}
{"level":"info","message":"Server running on 3000 -> http://localhost:3000/","timestamp":"2022-03-20T02:20:54.234Z"}
{"level":"info","message":"Server running on 3000 -> http://localhost:3000/","timestamp":"2022-03-20T02:20:59.373Z"}
{"level":"info","message":"Server running on 3000 -> http://localhost:3000/","timestamp":"2022-03-20T02:21:02.077Z"}
{"level":"info","message":"Server running on 3000 -> http://localhost:3000/","timestamp":"2022-03-20T02:21:03.501Z"}
{"level":"info","message":"Server running on 3000 -> http://localhost:3000/","timestamp":"2022-03-20T02:21:12.816Z"}
{"level":"info","message":"Server running on 3000 -> http://localhost:3000/","timestamp":"2022-03-20T02:21:14.422Z"}
{"level":"info","message":"Server running on 3000 -> http://localhost:3000/","timestamp":"2022-03-20T02:21:17.409Z"}
{"level":"info","message":"Server running on 3000 -> http://localhost:3000/","timestamp":"2022-03-20T02:21:20.888Z"}
{"level":"info","message":"Server running on 3000 -> http://localhost:3000/","timestamp":"2022-03-20T02:21:23.044Z"}
{"level":"info","message":"Server running on 3000 -> http://localhost:3000/","timestamp":"2022-03-20T02:21:31.657Z"}
{"level":"info","message":"Server running on 3000 -> http://localhost:3000/","timestamp":"2022-03-20T02:21:35.928Z"}
{"level":"info","message":"Server running on 3000 -> http://localhost:3000/","timestamp":"2022-03-20T02:21:42.601Z"}
{"level":"info","message":"Server running on 3000 -> http://localhost:3000/","timestamp":"2022-03-20T02:21:44.753Z"}
{"level":"info","message":"Server running on 3000 -> http://localhost:3000/","timestamp":"2022-03-20T02:21:48.018Z"}
{"level":"info","message":"Server running on 3000 -> http://localhost:3000/","timestamp":"2022-03-20T02:21:54.484Z"}
{"level":"info","message":"Server running on 3000 -> http://localhost:3000/","timestamp":"2022-03-20T02:22:01.054Z"}
{"level":"info","message":"Server running on 3000 -> http://localhost:3000/","timestamp":"2022-03-20T02:22:06.064Z"}
{"level":"info","message":"Server running on 3000 -> http://localhost:3000/","timestamp":"2022-03-20T02:22:11.949Z"}
{"level":"info","message":"Server running on 3000 -> http://localhost:3000/","timestamp":"2022-03-20T02:22:13.928Z"}
{"level":"info","message":"Server running on 3000 -> http://localhost:3000/","timestamp":"2022-03-20T02:22:38.248Z"}
{"level":"info","message":"Server running on 3000 -> http://localhost:3000/","timestamp":"2022-03-20T02:22:50.147Z"}
{"level":"info","message":"Server running on 3000 -> http://localhost:3000/","timestamp":"2022-03-20T02:22:55.050Z"}
{"level":"info","message":"Server running on 3000 -> http://localhost:3000/","timestamp":"2022-03-20T02:22:57.959Z"}
{"level":"info","message":"Server running on 3000 -> http://localhost:3000/","timestamp":"2022-03-20T02:23:01.657Z"}
{"level":"info","message":"Server running on 3000 -> http://localhost:3000/","timestamp":"2022-03-20T02:23:04.312Z"}
{"level":"info","message":"Server running on 3000 -> http://localhost:3000/","timestamp":"2022-03-20T02:23:07.400Z"}
{"level":"info","message":"Server running on 3000 -> http://localhost:3000/","timestamp":"2022-03-20T02:23:17.823Z"}
{"level":"info","message":"Server running on 3000 -> http://localhost:3000/","timestamp":"2022-03-20T02:23:20.393Z"}
{"level":"info","message":"Server running on 3000 -> http://localhost:3000/","timestamp":"2022-03-20T02:23:22.421Z"}
{"level":"info","message":"Server running on 3000 -> http://localhost:3000/","timestamp":"2022-03-20T02:23:27.420Z"}
{"level":"info","message":"Server running on 3000 -> http://localhost:3000/","timestamp":"2022-03-20T02:23:29.012Z"}
{"level":"info","message":"Server running on 3000 -> http://localhost:3000/","timestamp":"2022-03-20T02:23:34.596Z"}
{"level":"info","message":"Server running on 3000 -> http://localhost:3000/","timestamp":"2022-03-20T02:23:41.073Z"}
{"level":"info","message":"Server running on 3000 -> http://localhost:3000/","timestamp":"2022-03-20T02:24:08.349Z"}
{"level":"info","message":"Server running on 3000 -> http://localhost:3000/","timestamp":"2022-03-20T02:24:10.600Z"}
{"level":"info","message":"Server running on 3000 -> http://localhost:3000/","timestamp":"2022-03-20T02:24:24.281Z"}
{"level":"info","message":"Server running on 3000 -> http://localhost:3000/","timestamp":"2022-03-20T02:24:26.269Z"}
{"level":"info","message":"Server running on 3000 -> http://localhost:3000/","timestamp":"2022-03-20T02:24:32.112Z"}
{"level":"info","message":"Server running on 3000 -> http://localhost:3000/","timestamp":"2022-03-20T02:24:34.761Z"}
{"level":"info","message":"Server running on 3000 -> http://localhost:3000/","timestamp":"2022-03-20T02:24:36.375Z"}
{"level":"info","message":"Server running on 3000 -> http://localhost:3000/","timestamp":"2022-03-20T02:24:38.288Z"}
{"level":"info","message":"Server running on 3000 -> http://localhost:3000/","timestamp":"2022-03-20T02:24:45.939Z"}
{"level":"info","message":"Server running on 3000 -> http://localhost:3000/","timestamp":"2022-03-20T02:24:47.586Z"}
{"level":"info","message":"Server running on 3000 -> http://localhost:3000/","timestamp":"2022-03-20T02:24:57.869Z"}
